This is pdfTeX, Version 3.141592653-2.6-1.40.22 (MiKTeX 21.6) (preloaded format=pdflatex 2021.5.26)  19 DEC 2021 18:49
entering extended mode
**/home/bonni/Documents/LaTeX/LaTeX/Probabilità.tex
(/home/bonni/Documents/LaTeX/LaTeX/Probabilità.tex
LaTeX2e <2020-10-01> patch level 4
L3 programming layer <2021-05-11> (/home/bonni/.miktex/texmfs/install/tex/latex/base/article.cls
Document Class: article 2020/04/10 v1.4m Standard LaTeX document class
(/home/bonni/.miktex/texmfs/install/tex/latex/base/size12.clo
File: size12.clo 2020/04/10 v1.4m Standard LaTeX file (size option)
)
\c@part=\count179
\c@section=\count180
\c@subsection=\count181
\c@subsubsection=\count182
\c@paragraph=\count183
\c@subparagraph=\count184
\c@figure=\count185
\c@table=\count186
\abovecaptionskip=\skip47
\belowcaptionskip=\skip48
\bibindent=\dimen138
) (/home/bonni/.miktex/texmfs/install/tex/latex/amsfonts/amssymb.sty
Package: amssymb 2013/01/14 v3.01 AMS font symbols
 (/home/bonni/.miktex/texmfs/install/tex/latex/amsfonts/amsfonts.sty
Package: amsfonts 2013/01/14 v3.01 Basic AMSFonts support
\@emptytoks=\toks15
\symAMSa=\mathgroup4
\symAMSb=\mathgroup5
LaTeX Font Info:    Redeclaring math symbol \hbar on input line 98.
LaTeX Font Info:    Overwriting math alphabet `\mathfrak' in version `bold'
(Font)                  U/euf/m/n --> U/euf/b/n on input line 106.
)) (/home/bonni/.miktex/texmfs/install/tex/latex/amsmath/amsmath.sty
Package: amsmath 2020/09/23 v2.17i AMS math features
\@mathmargin=\skip49

For additional information on amsmath, use the `?' option.
(/home/bonni/.miktex/texmfs/install/tex/latex/amsmath/amstext.sty
Package: amstext 2000/06/29 v2.01 AMS text
 (/home/bonni/.miktex/texmfs/install/tex/latex/amsmath/amsgen.sty
File: amsgen.sty 1999/11/30 v2.0 generic functions
\@emptytoks=\toks16
\ex@=\dimen139
)) (/home/bonni/.miktex/texmfs/install/tex/latex/amsmath/amsbsy.sty
Package: amsbsy 1999/11/29 v1.2d Bold Symbols
\pmbraise@=\dimen140
) (/home/bonni/.miktex/texmfs/install/tex/latex/amsmath/amsopn.sty
Package: amsopn 2016/03/08 v2.02 operator names
)
\inf@bad=\count187
LaTeX Info: Redefining \frac on input line 234.
\uproot@=\count188
\leftroot@=\count189
LaTeX Info: Redefining \overline on input line 399.
\classnum@=\count190
\DOTSCASE@=\count191
LaTeX Info: Redefining \ldots on input line 496.
LaTeX Info: Redefining \dots on input line 499.
LaTeX Info: Redefining \cdots on input line 620.
\Mathstrutbox@=\box47
\strutbox@=\box48
\big@size=\dimen141
LaTeX Font Info:    Redeclaring font encoding OML on input line 743.
LaTeX Font Info:    Redeclaring font encoding OMS on input line 744.
\macc@depth=\count192
\c@MaxMatrixCols=\count193
\dotsspace@=\muskip16
\c@parentequation=\count194
\dspbrk@lvl=\count195
\tag@help=\toks17
\row@=\count196
\column@=\count197
\maxfields@=\count198
\andhelp@=\toks18
\eqnshift@=\dimen142
\alignsep@=\dimen143
\tagshift@=\dimen144
\tagwidth@=\dimen145
\totwidth@=\dimen146
\lineht@=\dimen147
\@envbody=\toks19
\multlinegap=\skip50
\multlinetaggap=\skip51
\mathdisplay@stack=\toks20
LaTeX Info: Redefining \[ on input line 2923.
LaTeX Info: Redefining \] on input line 2924.
) (/home/bonni/.miktex/texmfs/install/tex/latex/physics/physics.sty
Package: physics 
 (/home/bonni/.miktex/texmfs/install/tex/latex/l3packages/xparse/xparse.sty (/home/bonni/.miktex/texmfs/install/tex/latex/l3kernel/expl3.sty
Package: expl3 2021-05-11 L3 programming layer (loader) 
 (/home/bonni/.miktex/texmfs/install/tex/latex/l3backend/l3backend-pdftex.def
File: l3backend-pdftex.def 2021-05-07 L3 backend support: PDF output (pdfTeX)
\l__color_backend_stack_int=\count199
\l__pdf_internal_box=\box49
)) (/home/bonni/.miktex/texmfs/install/tex/latex/l3packages/xparse/xparse-2020-10-01.sty (/home/bonni/.miktex/texmfs/install/tex/latex/l3packages/xparse/xparse-generic.tex)))) (/home/bonni/.miktex/texmfs/install/tex/latex/latex-tools/bm.sty
Package: bm 2019/07/24 v1.2d Bold Symbol Support (DPC/FMi)
\symboldoperators=\mathgroup6
\symboldletters=\mathgroup7
\symboldsymbols=\mathgroup8
LaTeX Font Info:    Redeclaring math alphabet \mathbf on input line 141.
LaTeX Info: Redefining \bm on input line 209.
) (/home/bonni/.miktex/texmfs/install/tex/latex/geometry/geometry.sty
Package: geometry 2020/01/02 v5.9 Page Geometry
 (/home/bonni/.miktex/texmfs/install/tex/latex/graphics/keyval.sty
Package: keyval 2014/10/28 v1.15 key=value parser (DPC)
\KV@toks@=\toks21
) (/home/bonni/.miktex/texmfs/install/tex/generic/iftex/ifvtex.sty
Package: ifvtex 2019/10/25 v1.7 ifvtex legacy package. Use iftex instead.
 (/home/bonni/.miktex/texmfs/install/tex/generic/iftex/iftex.sty
Package: iftex 2020/03/06 v1.0d TeX engine tests
))
\Gm@cnth=\count266
\Gm@cntv=\count267
\c@Gm@tempcnt=\count268
\Gm@bindingoffset=\dimen148
\Gm@wd@mp=\dimen149
\Gm@odd@mp=\dimen150
\Gm@even@mp=\dimen151
\Gm@layoutwidth=\dimen152
\Gm@layoutheight=\dimen153
\Gm@layouthoffset=\dimen154
\Gm@layoutvoffset=\dimen155
\Gm@dimlist=\toks22
 (/home/bonni/.miktex/texmfs/install/tex/latex/geometry/geometry.cfg)) (/home/bonni/.miktex/texmfs/install/tex/latex/bigfoot/bigfoot.sty
Package: bigfoot 2015/08/30 2.1 makes footnotes work
 (/home/bonni/.miktex/texmfs/install/tex/latex/ncctools/manyfoot.sty
Package: manyfoot 2019/08/03 v1.11 Many Footnote Levels Package (NCC)
 (/home/bonni/.miktex/texmfs/install/tex/latex/ncctools/nccfoots.sty
Package: nccfoots 2005/02/03 v1.2 NCC Footnotes Package (NCC)
)
\MFL@columnwidth=\dimen156
) (/home/bonni/.miktex/texmfs/install/tex/latex/bigfoot/suffix.sty
Package: suffix 2006/07/15 1.5a Variant command support
) (/home/bonni/.miktex/texmfs/install/tex/latex/bigfoot/perpage.sty
Package: perpage 2014/10/25 2.0 Reset/sort counters per page
\c@abspage=\count269
)
\footnotewidowpenalty=\count270
\footnoteclubpenalty=\count271
\finalfootnotewidowpenalty=\count272
\c@FN@totalid=\count273
\c@pp@a@FN@totalid=\count274
\FN@id=\count275
\FN@master=\marks1
\FN@slave=\marks2
\FN@color=\marks3
\FN@outervsize=\dimen157
\FN@vsize=\skip52
\FN@insertions=\box50
\FN@output=\toks23
\FN@tempbox=\box51
\FN@savebox=\insert252
\FN@topmarkbox=\box52
\FN@outputflag=\count276
\FN@myvsize=\dimen158
\bigfoottolerance=\count277
) (/home/bonni/.miktex/texmfs/install/tex/latex/amscls/amsthm.sty
Package: amsthm 2020/05/29 v2.20.6
\thm@style=\toks24
\thm@bodyfont=\toks25
\thm@headfont=\toks26
\thm@notefont=\toks27
\thm@headpunct=\toks28
\thm@preskip=\skip53
\thm@postskip=\skip54
\thm@headsep=\skip55
\dth@everypar=\toks29
) (/home/bonni/.miktex/texmfs/install/tex/latex/cancel/cancel.sty
Package: cancel 2013/04/12 v2.2 Cancel math terms
)
\c@theorem=\count278
\c@corollary=\count279
\c@proposition=\count280
\c@definition=\count281
 (Probabilità.aux)
\openout1 = `Probabilità.aux'.

LaTeX Font Info:    Checking defaults for OML/cmm/m/it on input line 43.
LaTeX Font Info:    ... okay on input line 43.
LaTeX Font Info:    Checking defaults for OMS/cmsy/m/n on input line 43.
LaTeX Font Info:    ... okay on input line 43.
LaTeX Font Info:    Checking defaults for OT1/cmr/m/n on input line 43.
LaTeX Font Info:    ... okay on input line 43.
LaTeX Font Info:    Checking defaults for T1/cmr/m/n on input line 43.
LaTeX Font Info:    ... okay on input line 43.
LaTeX Font Info:    Checking defaults for TS1/cmr/m/n on input line 43.
LaTeX Font Info:    ... okay on input line 43.
LaTeX Font Info:    Checking defaults for OMX/cmex/m/n on input line 43.
LaTeX Font Info:    ... okay on input line 43.
LaTeX Font Info:    Checking defaults for U/cmr/m/n on input line 43.
LaTeX Font Info:    ... okay on input line 43.

*geometry* driver: auto-detecting
*geometry* detected driver: pdftex
*geometry* verbose mode - [ preamble ] result:
* driver: pdftex
* paper: a4paper
* layout: <same size as paper>
* layoutoffset:(h,v)=(0.0pt,0.0pt)
* modes: 
* h-part:(L,W,R)=(56.9055pt, 483.69687pt, 56.9055pt)
* v-part:(T,H,B)=(56.9055pt, 731.23584pt, 56.9055pt)
* \paperwidth=597.50787pt
* \paperheight=845.04684pt
* \textwidth=483.69687pt
* \textheight=731.23584pt
* \oddsidemargin=-15.36449pt
* \evensidemargin=-15.36449pt
* \topmargin=-52.36449pt
* \headheight=12.0pt
* \headsep=25.0pt
* \topskip=12.0pt
* \footskip=30.0pt
* \marginparwidth=35.0pt
* \marginparsep=10.0pt
* \columnsep=10.0pt
* \skip\footins=10.8pt plus 4.0pt minus 2.0pt
* \hoffset=0.0pt
* \voffset=0.0pt
* \mag=1000
* \@twocolumnfalse
* \@twosidefalse
* \@mparswitchfalse
* \@reversemarginfalse
* (1in=72.27pt=25.4mm, 1cm=28.453pt)

\footinsdefault=\insert251
\FN@cache251=\box53
LaTeX Font Info:    Trying to load font information for U+msa on input line 47.
(/home/bonni/.miktex/texmfs/install/tex/latex/amsfonts/umsa.fd
File: umsa.fd 2013/01/14 v3.01 AMS symbols A
)
LaTeX Font Info:    Trying to load font information for U+msb on input line 47.
 (/home/bonni/.miktex/texmfs/install/tex/latex/amsfonts/umsb.fd
File: umsb.fd 2013/01/14 v3.01 AMS symbols B
) [1

{/home/bonni/.miktex/texmfs/data/pdftex/config/pdftex.map}] [2] [3] [4] [5] [6] [7] [8] [9] [10] [11] [12] (Probabilità.aux) ) 
Here is how much of TeX's memory you used:
 3410 strings out of 481099
 45271 string characters out of 2905790
 366004 words of memory out of 3000000
 20752 multiletter control sequences out of 15000+600000
 418152 words of font info for 80 fonts, out of 8000000 for 9000
 0 hyphenation exceptions out of 8191
 68i,17n,77p,530b,329s stack positions out of 5000i,500n,10000p,200000b,80000s
 </home/bonni/.miktex/texmfs/data/fonts/pk/ljfour/jknappen/ec/dpi600/tcrm1200.pk></home/bonni/.miktex/texmfs/install/fonts/type1/public/amsfonts/cm/cmbx12.pfb></home/bonni/.miktex/texmfs/install/fonts/type1/public/amsfonts/cm/cmbxti10.pfb></home/bonni/.miktex/texmfs/install/fonts/type1/public/amsfonts/cm/cmex10.pfb></home/bonni/.miktex/texmfs/install/fonts/type1/public/amsfonts/cmextra/cmex8.pfb></home/bonni/.miktex/texmfs/install/fonts/type1/public/amsfonts/cm/cmmi12.pfb></home/bonni/.miktex/texmfs/install/fonts/type1/public/amsfonts/cm/cmmi6.pfb></home/bonni/.miktex/texmfs/install/fonts/type1/public/amsfonts/cm/cmmi8.pfb></home/bonni/.miktex/texmfs/install/fonts/type1/public/amsfonts/cm/cmr12.pfb></home/bonni/.miktex/texmfs/install/fonts/type1/public/amsfonts/cm/cmr17.pfb></home/bonni/.miktex/texmfs/install/fonts/type1/public/amsfonts/cm/cmr6.pfb></home/bonni/.miktex/texmfs/install/fonts/type1/public/amsfonts/cm/cmr8.pfb></home/bonni/.miktex/texmfs/install/fonts/type1/public/amsfonts/cm/cmsy10.pfb></home/bonni/.miktex/texmfs/install/fonts/type1/public/amsfonts/cm/cmsy6.pfb></home/bonni/.miktex/texmfs/install/fonts/type1/public/amsfonts/cm/cmsy8.pfb></home/bonni/.miktex/texmfs/install/fonts/type1/public/amsfonts/cm/cmti12.pfb></home/bonni/.miktex/texmfs/install/fonts/type1/public/amsfonts/latxfont/line10.pfb></home/bonni/.miktex/texmfs/install/fonts/type1/public/amsfonts/symbols/msam10.pfb></home/bonni/.miktex/texmfs/install/fonts/type1/public/amsfonts/symbols/msbm10.pfb>
Output written on Probabilità.pdf (12 pages, 215974 bytes).
PDF statistics:
 118 PDF objects out of 1000 (max. 8388607)
 0 named destinations out of 1000 (max. 500000)
 1 words of extra memory for PDF output out of 10000 (max. 10000000)

